<?xml version="1.0" encoding="UTF-8"?>
<!-- Generated by org.testng.reporters.JUnitXMLReporter -->
<testsuite hostname="DESKTOP-5KHBQKR" ignored="0" name="Default test(failed)" tests="6" failures="0" timestamp="2023-03-13T23:34:13 IST" time="0.122" errors="0">
  <testcase name="createProject" time="0.015" classname="com.actitime.testscript.DemoFailedTestCase"/>
  <testcase name="modifyProject" time="0.0" classname="com.actitime.testscript.DemoFailedTestCase"/>
  <testcase name="deleteProject" time="0.0" classname="com.actitime.testscript.DemoFailedTestCase"/>
  <testcase name="createCustomer" time="0.003" classname="com.actitime.testscript.DemoFailedTestCase$CustomerModule"/>
  <testcase name="modifyCustomer" time="0.0" classname="com.actitime.testscript.DemoFailedTestCase$CustomerModule"/>
  <testcase name="deleteCustomer" time="0.01" classname="com.actitime.testscript.DemoFailedTestCase$CustomerModule"/>
</testsuite> <!-- Default test(failed) -->
