<?xml version="1.0" encoding="UTF-8"?>
<!-- Generated by org.testng.reporters.JUnitXMLReporter -->
<testsuite hostname="DESKTOP-5KHBQKR" ignored="0" name="Test" tests="10" failures="0" timestamp="2023-03-20T21:43:50 IST" time="0.147" errors="0">
  <testcase name="createCustomer" time="0.012" classname="com.actitime.testscript.CustomerModuleGroup"/>
  <testcase name="deleteCustomer" time="0.004" classname="com.actitime.testscript.CustomerModuleGroup"/>
  <testcase name="modifyCustomer" time="0.003" classname="com.actitime.testscript.CustomerModuleGroup"/>
  <testcase name="createProject" time="0.002" classname="com.actitime.testscript.ProjectModuleGroup"/>
  <testcase name="deleteProject" time="0.002" classname="com.actitime.testscript.ProjectModuleGroup"/>
  <testcase name="modifyProject" time="0.005" classname="com.actitime.testscript.ProjectModuleGroup"/>
  <testcase name="createTask" time="0.003" classname="com.actitime.testscript.TaskModuleGroup"/>
  <testcase name="deleteCustomer" time="0.005" classname="com.actitime.testscript.TaskModuleGroup"/>
  <testcase name="modifyCustomer" time="0.003" classname="com.actitime.testscript.TaskModuleGroup"/>
  <testcase name="demo" time="0.005" classname="com.actitime.testscript.DemoTest"/>
</testsuite> <!-- Test -->
